2023-05-05 07:37:53,826 ERROR u.Main [main] Salary cannot be negative
2023-05-05 07:46:17,135 ERROR u.Main [main] Salary cannot be negative
2023-05-05 08:35:34,439 ERROR u.Main [main] Salary cannot be negative
2023-05-05 08:36:28,167 ERROR u.Main [main] Salary cannot be negative
2023-05-05 08:36:28,170 ERROR u.Main [main] This book is already borrowed
2023-05-05 08:36:50,651 ERROR u.Main [main] Salary cannot be negative
2023-05-05 08:36:50,654 ERROR u.Main [main] This book is already borrowed
2023-05-05 08:37:04,027 ERROR u.Main [main] Salary cannot be negative
2023-05-05 08:37:04,030 ERROR u.Main [main] This book is already borrowed
2023-05-05 10:59:04,658 ERROR u.Main [main] Salary cannot be negative
2023-05-05 10:59:04,661 ERROR u.Main [main] This book is already borrowed
2023-05-08 08:22:09,003 ERROR u.Main [main] Salary cannot be negative
2023-05-08 08:22:09,006 ERROR u.Main [main] This book is already borrowed
2023-05-08 08:44:39,032 ERROR u.Main [main] Salary cannot be negative
2023-05-08 08:44:39,035 ERROR u.Main [main] This book is already borrowed
2023-05-08 08:44:52,228 ERROR u.Main [main] Salary cannot be negative
2023-05-08 08:44:52,231 ERROR u.Main [main] This book is already borrowed
2023-05-08 08:48:01,079 ERROR u.Main [main] Salary cannot be negative
2023-05-08 08:48:01,082 ERROR u.Main [main] This book is already borrowed
2023-05-08 09:18:43,244 ERROR u.Main [main] Salary cannot be negative
2023-05-08 09:18:43,246 ERROR u.Main [main] This book is already borrowed
2023-05-08 09:49:46,120 ERROR u.Main [main] Salary cannot be negative
2023-05-08 09:49:46,123 ERROR u.Main [main] This book is already borrowed
2023-05-08 09:50:00,889 ERROR u.Main [main] Salary cannot be negative
2023-05-08 09:50:00,892 ERROR u.Main [main] This book is already borrowedexceptions.BorrowedBookException
2023-05-08 09:50:30,751 ERROR u.Main [main] Salary cannot be negative
2023-05-08 09:50:30,755 ERROR u.Main [main] This book is already borrowed exceptions.BorrowedBookException
2023-05-08 10:47:06,879 INFO u.Main [main] Test
2023-05-08 10:47:06,883 ERROR u.Main [main] Salary cannot be negative
2023-05-08 10:47:06,884 ERROR u.Main [main] This book is already borrowed
2023-05-08 11:02:09,928 ERROR u.Main [main] Salary cannot be negative
2023-05-08 11:02:09,931 ERROR u.Main [main] This book is already borrowed
2023-05-08 11:02:09,948 INFO u.Main [main] Homecoming Announcement
2023-05-08 11:04:13,202 ERROR u.Main [main] Salary cannot be negative
2023-05-08 11:04:13,205 ERROR u.Main [main] This book is already borrowed
2023-05-08 11:04:13,223 INFO u.Main [main] Homecoming Announcement
2023-05-08 11:04:39,590 ERROR u.Main [main] Salary cannot be negative
2023-05-08 11:04:39,593 ERROR u.Main [main] This book is already borrowed
2023-05-08 11:04:39,608 INFO u.Main [main] Homecoming Announcement
2023-05-08 11:05:34,261 ERROR u.Main [main] Salary cannot be negative
2023-05-08 11:05:34,265 ERROR u.Main [main] This book is already borrowed
2023-05-08 11:05:34,288 INFO u.Main [main] Homecoming Announcement
2023-05-08 11:07:27,656 ERROR u.Main [main] Salary cannot be negative
2023-05-08 11:07:27,658 ERROR u.Main [main] This book is already borrowed
2023-05-08 11:07:27,675 INFO u.Main [main] Homecoming Announcement
2023-05-08 11:07:42,115 ERROR u.Main [main] Salary cannot be negative
2023-05-08 11:07:42,118 ERROR u.Main [main] This book is already borrowed
2023-05-08 11:07:42,134 INFO u.Main [main] Homecoming Announcement
2023-05-08 11:09:12,443 ERROR u.Main [main] Salary cannot be negative
2023-05-08 11:09:12,446 ERROR u.Main [main] This book is already borrowed
2023-05-08 11:09:12,463 INFO u.Main [main] Homecoming Announcement
2023-05-08 11:11:08,725 ERROR u.Main [main] Salary cannot be negative
2023-05-08 11:11:08,728 ERROR u.Main [main] This book is already borrowed
2023-05-08 11:11:08,746 INFO u.Main [main] Homecoming Announcement
2023-05-08 11:14:11,985 ERROR u.Main [main] Salary cannot be negative
2023-05-08 11:14:11,988 ERROR u.Main [main] This book is already borrowed
2023-05-08 11:14:12,005 INFO u.Main [main] Homecoming Announcement
2023-05-08 11:17:20,444 ERROR u.Main [main] Salary cannot be negative
2023-05-08 11:17:20,448 ERROR u.Main [main] This book is already borrowed
2023-05-08 11:17:20,464 INFO u.Main [main] Homecoming Announcement
2023-05-09 08:07:22,505 ERROR u.Main [main] Salary cannot be negative
2023-05-09 08:07:22,519 ERROR u.Main [main] This book is already borrowed
2023-05-09 08:07:22,571 INFO u.Main [main] Homecoming Announcement
2023-05-09 08:07:46,814 ERROR u.Main [main] Salary cannot be negative
2023-05-09 08:07:46,816 ERROR u.Main [main] This book is already borrowed
2023-05-09 08:07:46,816 INFO u.Main [main] Homecoming Announcement
2023-05-09 08:08:01,054 INFO u.Main [main] Homecoming Announcement
2023-05-10 02:41:47,784 ERROR u.Main [main] Salary cannot be negative
2023-05-10 02:41:47,787 INFO u.Main [main] Homecoming Announcement
2023-05-10 02:42:10,371 ERROR u.Main [main] Salary cannot be negative
2023-05-10 02:42:10,374 INFO u.Main [main] Homecoming Announcement
2023-05-10 02:42:31,713 ERROR u.Main [main] Salary cannot be negative
2023-05-10 02:42:31,715 INFO u.Main [main] Homecoming Announcement
2023-05-10 02:51:09,844 ERROR u.Main [main] Salary cannot be negative
2023-05-10 02:51:09,846 INFO u.Main [main] Homecoming Announcement
2023-05-10 02:51:21,168 ERROR u.Main [main] Salary cannot be negative
2023-05-10 02:51:21,170 INFO u.Main [main] Homecoming Announcement
2023-05-10 02:53:58,544 ERROR u.Main [main] Salary cannot be negative
2023-05-10 02:53:58,546 INFO u.Main [main] Homecoming Announcement
2023-05-10 02:54:10,962 ERROR u.Main [main] Salary cannot be negative
2023-05-10 02:54:10,964 INFO u.Main [main] Homecoming Announcement
2023-05-10 03:01:05,540 ERROR u.Main [main] Salary cannot be negative
2023-05-10 03:01:05,542 INFO u.Main [main] Homecoming Announcement
2023-05-10 03:03:23,523 ERROR u.Main [main] Salary cannot be negative
2023-05-10 03:03:23,525 INFO u.Main [main] Homecoming Announcement
2023-05-10 03:05:13,918 ERROR u.Main [main] Salary cannot be negative
2023-05-10 03:05:13,921 ERROR u.Main [main] This book is already borrowed
2023-05-10 03:05:13,921 INFO u.Main [main] Homecoming Announcement
2023-05-10 03:06:18,542 ERROR u.Main [main] Salary cannot be negative
2023-05-10 03:06:18,545 ERROR u.Main [main] This book is already borrowed
2023-05-10 03:06:18,545 INFO u.Main [main] Homecoming Announcement
2023-05-10 03:06:30,756 ERROR u.Main [main] Salary cannot be negative
2023-05-10 03:06:30,758 ERROR u.Main [main] This book is already borrowed
2023-05-10 03:06:30,758 INFO u.Main [main] Homecoming Announcement
2023-05-10 03:06:56,680 ERROR u.Main [main] Salary cannot be negative
2023-05-10 03:06:56,683 ERROR u.Main [main] This book is already borrowed
2023-05-10 03:06:56,683 INFO u.Main [main] Homecoming Announcement
2023-05-10 03:07:18,057 INFO u.Main [main] Homecoming Announcement
2023-05-10 05:20:33,928 INFO u.Main [main] Homecoming Announcement
2023-05-10 05:20:50,722 INFO u.Main [main] Homecoming Announcement
2023-05-10 05:35:07,227 INFO u.Main [main] Homecoming Announcement
2023-05-10 06:56:24,106 INFO u.Main [main] Homecoming Announcement
2023-05-10 06:57:30,768 INFO u.Main [main] Homecoming Announcement
2023-05-10 07:22:22,511 INFO u.Main [main] Homecoming Announcement
2023-05-10 07:41:23,155 INFO u.Main [main] Homecoming Announcement
2023-05-10 07:42:54,469 INFO u.Main [main] Homecoming Announcement
2023-05-10 07:43:25,352 INFO u.Main [main] Homecoming Announcement
2023-05-10 07:54:24,386 INFO u.Main [main] Homecoming Announcement
2023-05-10 08:54:15,827 INFO u.Main [main] Homecoming Announcement
2023-05-10 08:58:08,292 INFO u.Main [main] Homecoming Announcement
2023-05-10 08:59:21,805 INFO u.Main [main] Homecoming Announcement
2023-05-10 09:47:29,464 INFO u.Main [main] Homecoming Announcement
2023-05-10 09:47:54,417 INFO u.Main [main] Homecoming Announcement
2023-05-10 09:55:30,679 INFO u.Main [main] Homecoming Announcement
2023-05-10 09:55:51,094 INFO u.Main [main] Homecoming Announcement
2023-05-10 09:56:16,221 INFO u.Main [main] Homecoming Announcement
2023-05-10 10:21:44,274 INFO u.Main [main] Homecoming Announcement
2023-05-10 10:21:58,341 INFO u.Main [main] Homecoming Announcement
2023-05-10 10:22:09,636 INFO u.Main [main] Homecoming Announcement
2023-05-10 10:46:07,161 ERROR u.Main [main] Salary cannot be negative
2023-05-10 10:47:10,538 ERROR u.Main [main] Salary cannot be negative
2023-05-10 10:47:23,576 INFO u.Main [main] Homecoming Announcement
2023-05-10 10:48:56,916 ERROR u.Main [main] Salary cannot be negative
2023-05-10 10:48:58,465 INFO u.Main [main] Homecoming Announcement
2023-05-10 10:49:21,365 ERROR u.Main [main] Salary cannot be negative
2023-05-10 10:49:23,952 INFO u.Main [main] Homecoming Announcement
2023-05-10 10:49:39,667 ERROR u.Main [main] Salary cannot be negative
2023-05-10 10:49:49,362 ERROR u.Main [main] Salary cannot be negative
2023-05-10 10:49:50,813 INFO u.Main [main] Homecoming Announcement
2023-05-10 10:49:50,824 ERROR u.Main [main] Salary cannot be negativeexceptions.CalculateSalaryException
2023-05-10 12:16:39,373 ERROR u.Main [main] Salary cannot be negative
2023-05-10 12:16:53,014 ERROR u.Main [main] Salary cannot be negative
2023-05-10 12:16:58,376 INFO u.Main [main] Homecoming Announcement
2023-05-10 12:16:58,387 ERROR u.Main [main] Salary cannot be negative
2023-05-10 14:10:09,923 ERROR u.Main [main] Salary cannot be negative
2023-05-10 14:10:13,275 INFO u.Main [main] Homecoming Announcement
2023-05-10 14:10:13,282 ERROR u.Main [main] Salary cannot be negative
2023-05-10 14:10:35,910 ERROR u.Main [main] Salary cannot be negative
2023-05-10 14:10:38,745 INFO u.Main [main] Homecoming Announcement
2023-05-10 14:10:58,748 ERROR u.Main [main] Salary cannot be negative
2023-05-10 14:10:58,776 INFO u.Main [main] Homecoming Announcement
2023-05-10 14:37:15,108 ERROR u.Main [main] Salary cannot be negative
2023-05-10 14:37:15,135 INFO u.Main [main] Homecoming Announcement
2023-05-10 14:53:59,826 ERROR u.Main [main] Salary cannot be negative
2023-05-10 14:53:59,858 INFO u.Main [main] Homecoming Announcement
2023-05-10 14:54:40,268 ERROR u.Main [main] Salary cannot be negative
2023-05-10 14:54:40,297 INFO u.Main [main] Homecoming Announcement
2023-05-11 01:37:00,778 ERROR u.Main [main] Salary cannot be negative
2023-05-11 01:37:00,811 INFO u.Main [main] Homecoming Announcement
2023-05-11 01:37:30,398 ERROR u.Main [main] Salary cannot be negative
2023-05-11 01:37:30,427 INFO u.Main [main] Homecoming Announcement
2023-05-11 01:54:50,174 ERROR u.Main [main] Salary cannot be negative
2023-05-11 01:54:50,202 INFO u.Main [main] Homecoming Announcement
2023-05-11 01:54:50,211 INFO u.Main [main] Function Interface
2023-05-11 01:54:50,213 INFO u.Main [main] Predicate Interface
2023-05-11 02:03:33,618 ERROR u.Main [main] Salary cannot be negative
2023-05-11 02:03:33,650 INFO u.Main [main] Homecoming Announcement
2023-05-11 02:03:33,659 INFO u.Main [main] Function Interface
2023-05-11 02:03:33,660 INFO u.Main [main] Predicate Interface
2023-05-11 02:04:26,507 ERROR u.Main [main] Salary cannot be negative
2023-05-11 02:04:26,537 INFO u.Main [main] Homecoming Announcement
2023-05-11 02:04:26,545 INFO u.Main [main] Function Interface
2023-05-11 02:04:26,546 INFO u.Main [main] Predicate Interface
2023-05-11 02:06:08,844 ERROR u.Main [main] Salary cannot be negative
2023-05-11 02:06:08,874 INFO u.Main [main] Homecoming Announcement
2023-05-11 02:06:08,883 INFO u.Main [main] Function Interface
2023-05-11 02:06:08,884 INFO u.Main [main] Predicate Interface
2023-05-11 02:06:45,296 ERROR u.Main [main] Salary cannot be negative
2023-05-11 02:06:45,327 INFO u.Main [main] Homecoming Announcement
2023-05-11 02:06:45,336 INFO u.Main [main] Function Interface
2023-05-11 02:06:45,338 INFO u.Main [main] Predicate Interface
2023-05-11 02:06:57,852 ERROR u.Main [main] Salary cannot be negative
2023-05-11 02:06:57,879 INFO u.Main [main] Homecoming Announcement
2023-05-11 02:06:57,888 INFO u.Main [main] Function Interface
2023-05-11 02:06:57,889 INFO u.Main [main] Predicate Interface
2023-05-11 02:07:19,779 ERROR u.Main [main] Salary cannot be negative
2023-05-11 02:07:19,808 INFO u.Main [main] Homecoming Announcement
2023-05-11 02:07:19,816 INFO u.Main [main] Function Interface
2023-05-11 02:07:19,817 INFO u.Main [main] Predicate Interface
2023-05-11 02:59:38,235 ERROR u.Main [main] Salary cannot be negative
2023-05-11 02:59:38,267 INFO u.Main [main] Homecoming Announcement
2023-05-11 02:59:38,284 INFO u.Main [main] Function Interface
2023-05-11 02:59:38,286 INFO u.Main [main] Predicate Interface
2023-05-11 02:59:38,287 INFO u.Main [main] Supplier Interface
2023-05-11 03:09:03,496 ERROR u.Main [main] Salary cannot be negative
2023-05-11 03:09:03,523 INFO u.Main [main] Homecoming Announcement
2023-05-11 03:09:03,531 INFO u.Main [main] Function Interface
2023-05-11 03:09:03,532 INFO u.Main [main] Predicate Interface
2023-05-11 03:09:03,533 INFO u.Main [main] Supplier Interface
2023-05-11 03:40:30,310 ERROR u.Main [main] Salary cannot be negative
2023-05-11 03:40:30,339 INFO u.Main [main] Homecoming Announcement
2023-05-11 03:40:30,347 INFO u.Main [main] Function Interface
2023-05-11 03:40:30,348 INFO u.Main [main] Predicate Interface
2023-05-11 03:40:30,349 INFO u.Main [main] Supplier Interface
2023-05-11 03:40:30,354 INFO u.Main [main] Consumer Interface
2023-05-11 03:42:24,941 ERROR u.Main [main] Salary cannot be negative
2023-05-11 03:42:24,969 INFO u.Main [main] Homecoming Announcement
2023-05-11 03:42:24,977 INFO u.Main [main] Function Interface
2023-05-11 03:42:24,978 INFO u.Main [main] Predicate Interface
2023-05-11 03:42:24,979 INFO u.Main [main] Supplier Interface
2023-05-11 03:42:24,984 INFO u.Main [main] Consumer Interface
2023-05-11 09:28:42,632 ERROR u.Main [main] Salary cannot be negative
2023-05-11 09:28:42,661 INFO u.Main [main] Homecoming Announcement
2023-05-11 09:28:42,674 INFO u.Main [main] 1) Function Interface
2023-05-11 09:28:42,675 INFO u.Main [main] Predicate Interface
2023-05-11 09:28:42,677 INFO u.Main [main] Supplier Interface
2023-05-11 09:28:42,682 INFO u.Main [main] Consumer Interface
2023-05-11 09:48:35,313 ERROR u.Main [main] Salary cannot be negative
2023-05-11 09:48:35,340 INFO u.Main [main] Homecoming Announcement
2023-05-11 09:48:35,348 INFO u.Main [main] Function Interface
2023-05-11 09:48:35,349 INFO u.Main [main] Predicate Interface
2023-05-11 09:48:35,349 INFO u.Main [main] Supplier Interface
2023-05-11 09:48:35,354 INFO u.Main [main] Consumer Interface
2023-05-11 09:50:39,029 ERROR u.Main [main] Salary cannot be negative
2023-05-11 09:50:39,059 INFO u.Main [main] Homecoming Announcement
2023-05-11 09:50:39,067 INFO u.Main [main] Function Interface
2023-05-11 09:50:39,068 INFO u.Main [main] Predicate Interface
2023-05-11 09:50:39,068 INFO u.Main [main] Supplier Interface
2023-05-11 09:50:39,073 INFO u.Main [main] Consumer Interface
2023-05-11 09:51:26,067 ERROR u.Main [main] Salary cannot be negative
2023-05-11 09:51:26,096 INFO u.Main [main] Homecoming Announcement
2023-05-11 09:51:26,104 INFO u.Main [main] Function Interface
2023-05-11 09:51:26,104 INFO u.Main [main] Predicate Interface
2023-05-11 09:51:26,104 INFO u.Main [main] Supplier Interface
2023-05-11 09:51:26,110 INFO u.Main [main] Consumer Interface
2023-05-11 11:08:02,493 ERROR u.Main [main] Salary cannot be negative
2023-05-11 11:08:02,521 INFO u.Main [main] Homecoming Announcement
2023-05-11 11:08:02,529 INFO u.Main [main] Function Interface
2023-05-11 11:08:02,530 INFO u.Main [main] Predicate Interface
2023-05-11 11:08:02,530 INFO u.Main [main] Supplier Interface
2023-05-11 11:08:02,535 INFO u.Main [main] Consumer Interface
2023-05-11 11:08:02,535 INFO u.Main [main] BiConsumer Interface
2023-05-11 11:08:59,948 ERROR u.Main [main] Salary cannot be negative
2023-05-11 11:08:59,977 INFO u.Main [main] Homecoming Announcement
2023-05-11 11:08:59,986 INFO u.Main [main] Function Interface
2023-05-11 11:08:59,986 INFO u.Main [main] Predicate Interface
2023-05-11 11:08:59,987 INFO u.Main [main] Supplier Interface
2023-05-11 11:08:59,992 INFO u.Main [main] Consumer Interface
2023-05-11 11:08:59,992 INFO u.Main [main] BiConsumer Interface
2023-05-11 11:09:15,162 ERROR u.Main [main] Salary cannot be negative
2023-05-11 11:09:15,190 INFO u.Main [main] Homecoming Announcement
2023-05-11 11:09:15,198 INFO u.Main [main] Function Interface
2023-05-11 11:09:15,199 INFO u.Main [main] Predicate Interface
2023-05-11 11:09:15,199 INFO u.Main [main] Supplier Interface
2023-05-11 11:09:15,204 INFO u.Main [main] Consumer Interface
2023-05-11 11:09:15,205 INFO u.Main [main] BiConsumer Interface
2023-05-11 11:09:25,819 ERROR u.Main [main] Salary cannot be negative
2023-05-11 11:09:25,846 INFO u.Main [main] Homecoming Announcement
2023-05-11 11:09:25,854 INFO u.Main [main] Function Interface
2023-05-11 11:09:25,855 INFO u.Main [main] Predicate Interface
2023-05-11 11:09:25,855 INFO u.Main [main] Supplier Interface
2023-05-11 11:09:25,860 INFO u.Main [main] Consumer Interface
2023-05-11 11:09:25,861 INFO u.Main [main] BiConsumer Interface
2023-05-11 11:09:32,575 ERROR u.Main [main] Salary cannot be negative
2023-05-11 11:09:32,602 INFO u.Main [main] Homecoming Announcement
2023-05-11 11:09:32,611 INFO u.Main [main] Function Interface
2023-05-11 11:09:32,611 INFO u.Main [main] Predicate Interface
2023-05-11 11:09:32,612 INFO u.Main [main] Supplier Interface
2023-05-11 11:09:32,617 INFO u.Main [main] Consumer Interface
2023-05-11 11:09:32,617 INFO u.Main [main] BiConsumer Interface
2023-05-11 11:17:38,695 ERROR u.Main [main] Salary cannot be negative
2023-05-11 11:17:38,723 INFO u.Main [main] Homecoming Announcement
2023-05-11 11:17:38,732 INFO u.Main [main] Function Interface
2023-05-11 11:17:38,732 INFO u.Main [main] Predicate Interface
2023-05-11 11:17:38,732 INFO u.Main [main] Supplier Interface
2023-05-11 11:17:38,737 INFO u.Main [main] Consumer Interface
2023-05-11 11:17:38,738 INFO u.Main [main] BiConsumer Interface
