2023-04-27 11:13:43,274 ERROR u.Main [main] error
2023-05-01 12:14:08,601 ERROR u.Main [main] error
2023-05-01 12:15:16,989 ERROR u.Main [main] error
2023-05-01 13:50:11,553 ERROR u.Main [main] error
2023-05-01 13:59:21,090 ERROR u.Main [main] Salary cannot be negative
2023-05-01 13:59:21,093 ERROR u.Main [main] error
2023-05-01 13:59:21,094 FATAL u.Main [main] System crashed. Shutting down...
2023-05-01 13:59:53,515 ERROR u.Main [main] Salary cannot be negative
2023-05-01 14:04:48,294 WARN u.Main [main] Potential security vulnerability detected in user input: '...'
2023-05-01 14:04:48,294 ERROR u.Main [main] Failed to process order. Error: {. . .}
2023-05-01 14:04:48,294 FATAL u.Main [main] System crashed. Shutting down...
2023-05-01 14:05:37,548 WARN u.Main [main] Potential security vulnerability detected in user input: '...'
2023-05-01 14:05:37,549 ERROR u.Main [main] Failed to process order. Error: {. . .}
2023-05-01 14:05:37,549 FATAL u.Main [main] System crashed. Shutting down...
2023-05-02 07:39:23,471 WARN u.Main [main] Potential security vulnerability detected in user input: '...'
2023-05-02 07:39:23,471 ERROR u.Main [main] Failed to process order. Error: {. . .}
2023-05-02 07:39:23,471 FATAL u.Main [main] System crashed. Shutting down...
2023-05-02 07:46:56,606 ERROR u.Main [main] This book is already borrowed
2023-05-02 09:23:34,137 ERROR u.Main [main] This book is already borrowed
2023-05-02 09:24:23,866 ERROR u.Main [main] This book is already borrowed
2023-05-03 04:24:31,910 ERROR u.Main [main] This book is already borrowed
2023-05-03 04:29:26,839 ERROR u.Main [main] This book is already borrowed
2023-05-03 04:31:53,307 ERROR u.Main [main] This book is already borrowed
2023-05-03 04:32:59,557 ERROR u.Main [main] This book is already borrowed
2023-05-03 04:36:25,615 ERROR u.Main [main] This book is already borrowed
2023-05-03 04:40:38,798 ERROR u.Main [main] This book is already borrowed
2023-05-03 04:41:11,427 ERROR u.Main [main] This book is already borrowed
2023-05-03 04:47:03,128 ERROR u.Main [main] This book is already borrowed
2023-05-03 04:47:16,615 ERROR u.Main [main] This book is already borrowed
2023-05-03 04:47:41,278 ERROR u.Main [main] This book is already borrowed
2023-05-03 04:48:52,720 ERROR u.Main [main] This book is already borrowed
2023-05-03 05:19:18,550 ERROR u.Main [main] This book is already borrowed
2023-05-03 06:20:13,967 ERROR u.Main [main] This book is already borrowed
2023-05-04 07:31:04,567 ERROR u.Main [main] Salary cannot be negative
2023-05-05 07:37:53,826 ERROR u.Main [main] Salary cannot be negative
2023-05-05 07:46:17,135 ERROR u.Main [main] Salary cannot be negative
2023-05-05 08:35:34,439 ERROR u.Main [main] Salary cannot be negative
2023-05-05 08:36:28,167 ERROR u.Main [main] Salary cannot be negative
2023-05-05 08:36:28,170 ERROR u.Main [main] This book is already borrowed
2023-05-05 08:36:50,651 ERROR u.Main [main] Salary cannot be negative
2023-05-05 08:36:50,654 ERROR u.Main [main] This book is already borrowed
2023-05-05 08:37:04,027 ERROR u.Main [main] Salary cannot be negative
2023-05-05 08:37:04,030 ERROR u.Main [main] This book is already borrowed
2023-05-05 10:59:04,658 ERROR u.Main [main] Salary cannot be negative
2023-05-05 10:59:04,661 ERROR u.Main [main] This book is already borrowed
2023-05-08 08:22:09,003 ERROR u.Main [main] Salary cannot be negative
2023-05-08 08:22:09,006 ERROR u.Main [main] This book is already borrowed
2023-05-08 08:44:39,032 ERROR u.Main [main] Salary cannot be negative
2023-05-08 08:44:39,035 ERROR u.Main [main] This book is already borrowed
2023-05-08 08:44:52,228 ERROR u.Main [main] Salary cannot be negative
2023-05-08 08:44:52,231 ERROR u.Main [main] This book is already borrowed
2023-05-08 08:48:01,079 ERROR u.Main [main] Salary cannot be negative
2023-05-08 08:48:01,082 ERROR u.Main [main] This book is already borrowed
2023-05-08 09:18:43,244 ERROR u.Main [main] Salary cannot be negative
2023-05-08 09:18:43,246 ERROR u.Main [main] This book is already borrowed
2023-05-08 09:49:46,120 ERROR u.Main [main] Salary cannot be negative
2023-05-08 09:49:46,123 ERROR u.Main [main] This book is already borrowed
2023-05-08 09:50:00,889 ERROR u.Main [main] Salary cannot be negative
2023-05-08 09:50:00,892 ERROR u.Main [main] This book is already borrowedexceptions.BorrowedBookException
2023-05-08 09:50:30,751 ERROR u.Main [main] Salary cannot be negative
2023-05-08 09:50:30,755 ERROR u.Main [main] This book is already borrowed exceptions.BorrowedBookException
2023-05-08 10:47:06,883 ERROR u.Main [main] Salary cannot be negative
2023-05-08 10:47:06,884 ERROR u.Main [main] This book is already borrowed
2023-05-08 11:02:09,928 ERROR u.Main [main] Salary cannot be negative
2023-05-08 11:02:09,931 ERROR u.Main [main] This book is already borrowed
2023-05-08 11:04:13,202 ERROR u.Main [main] Salary cannot be negative
2023-05-08 11:04:13,205 ERROR u.Main [main] This book is already borrowed
2023-05-08 11:04:39,590 ERROR u.Main [main] Salary cannot be negative
2023-05-08 11:04:39,593 ERROR u.Main [main] This book is already borrowed
2023-05-08 11:05:34,261 ERROR u.Main [main] Salary cannot be negative
2023-05-08 11:05:34,265 ERROR u.Main [main] This book is already borrowed
2023-05-08 11:07:27,656 ERROR u.Main [main] Salary cannot be negative
2023-05-08 11:07:27,658 ERROR u.Main [main] This book is already borrowed
2023-05-08 11:07:42,115 ERROR u.Main [main] Salary cannot be negative
2023-05-08 11:07:42,118 ERROR u.Main [main] This book is already borrowed
2023-05-08 11:09:12,443 ERROR u.Main [main] Salary cannot be negative
2023-05-08 11:09:12,446 ERROR u.Main [main] This book is already borrowed
2023-05-08 11:11:08,725 ERROR u.Main [main] Salary cannot be negative
2023-05-08 11:11:08,728 ERROR u.Main [main] This book is already borrowed
2023-05-08 11:14:11,985 ERROR u.Main [main] Salary cannot be negative
2023-05-08 11:14:11,988 ERROR u.Main [main] This book is already borrowed
2023-05-08 11:17:20,444 ERROR u.Main [main] Salary cannot be negative
2023-05-08 11:17:20,448 ERROR u.Main [main] This book is already borrowed
2023-05-09 08:07:22,505 ERROR u.Main [main] Salary cannot be negative
2023-05-09 08:07:22,519 ERROR u.Main [main] This book is already borrowed
2023-05-09 08:07:46,814 ERROR u.Main [main] Salary cannot be negative
2023-05-09 08:07:46,816 ERROR u.Main [main] This book is already borrowed
2023-05-10 02:41:47,784 ERROR u.Main [main] Salary cannot be negative
2023-05-10 02:42:10,371 ERROR u.Main [main] Salary cannot be negative
2023-05-10 02:42:31,713 ERROR u.Main [main] Salary cannot be negative
2023-05-10 02:51:09,844 ERROR u.Main [main] Salary cannot be negative
2023-05-10 02:51:21,168 ERROR u.Main [main] Salary cannot be negative
2023-05-10 02:53:58,544 ERROR u.Main [main] Salary cannot be negative
2023-05-10 02:54:10,962 ERROR u.Main [main] Salary cannot be negative
2023-05-10 03:01:05,540 ERROR u.Main [main] Salary cannot be negative
2023-05-10 03:03:23,523 ERROR u.Main [main] Salary cannot be negative
2023-05-10 03:05:13,918 ERROR u.Main [main] Salary cannot be negative
2023-05-10 03:05:13,921 ERROR u.Main [main] This book is already borrowed
2023-05-10 03:06:18,542 ERROR u.Main [main] Salary cannot be negative
2023-05-10 03:06:18,545 ERROR u.Main [main] This book is already borrowed
2023-05-10 03:06:30,756 ERROR u.Main [main] Salary cannot be negative
2023-05-10 03:06:30,758 ERROR u.Main [main] This book is already borrowed
2023-05-10 03:06:56,680 ERROR u.Main [main] Salary cannot be negative
2023-05-10 03:06:56,683 ERROR u.Main [main] This book is already borrowed
2023-05-10 10:46:07,161 ERROR u.Main [main] Salary cannot be negative
2023-05-10 10:47:10,538 ERROR u.Main [main] Salary cannot be negative
2023-05-10 10:48:56,916 ERROR u.Main [main] Salary cannot be negative
2023-05-10 10:49:21,365 ERROR u.Main [main] Salary cannot be negative
2023-05-10 10:49:39,667 ERROR u.Main [main] Salary cannot be negative
2023-05-10 10:49:49,362 ERROR u.Main [main] Salary cannot be negative
2023-05-10 10:49:50,824 ERROR u.Main [main] Salary cannot be negativeexceptions.CalculateSalaryException
2023-05-10 12:16:39,373 ERROR u.Main [main] Salary cannot be negative
2023-05-10 12:16:53,014 ERROR u.Main [main] Salary cannot be negative
2023-05-10 12:16:58,387 ERROR u.Main [main] Salary cannot be negative
2023-05-10 14:10:09,923 ERROR u.Main [main] Salary cannot be negative
2023-05-10 14:10:13,282 ERROR u.Main [main] Salary cannot be negative
2023-05-10 14:10:35,910 ERROR u.Main [main] Salary cannot be negative
2023-05-10 14:10:58,748 ERROR u.Main [main] Salary cannot be negative
2023-05-10 14:37:15,108 ERROR u.Main [main] Salary cannot be negative
2023-05-10 14:53:59,826 ERROR u.Main [main] Salary cannot be negative
2023-05-10 14:54:40,268 ERROR u.Main [main] Salary cannot be negative
2023-05-11 01:37:00,778 ERROR u.Main [main] Salary cannot be negative
2023-05-11 01:37:30,398 ERROR u.Main [main] Salary cannot be negative
2023-05-11 01:54:50,174 ERROR u.Main [main] Salary cannot be negative
2023-05-11 02:03:33,618 ERROR u.Main [main] Salary cannot be negative
2023-05-11 02:04:26,507 ERROR u.Main [main] Salary cannot be negative
2023-05-11 02:06:08,844 ERROR u.Main [main] Salary cannot be negative
2023-05-11 02:06:45,296 ERROR u.Main [main] Salary cannot be negative
2023-05-11 02:06:57,852 ERROR u.Main [main] Salary cannot be negative
2023-05-11 02:07:19,779 ERROR u.Main [main] Salary cannot be negative
2023-05-11 02:59:38,235 ERROR u.Main [main] Salary cannot be negative
2023-05-11 03:09:03,496 ERROR u.Main [main] Salary cannot be negative
2023-05-11 03:40:30,310 ERROR u.Main [main] Salary cannot be negative
2023-05-11 03:42:24,941 ERROR u.Main [main] Salary cannot be negative
2023-05-11 09:28:42,632 ERROR u.Main [main] Salary cannot be negative
2023-05-11 09:48:35,313 ERROR u.Main [main] Salary cannot be negative
2023-05-11 09:50:39,029 ERROR u.Main [main] Salary cannot be negative
2023-05-11 09:51:26,067 ERROR u.Main [main] Salary cannot be negative
2023-05-11 11:08:02,493 ERROR u.Main [main] Salary cannot be negative
2023-05-11 11:08:59,948 ERROR u.Main [main] Salary cannot be negative
2023-05-11 11:09:15,162 ERROR u.Main [main] Salary cannot be negative
2023-05-11 11:09:25,819 ERROR u.Main [main] Salary cannot be negative
2023-05-11 11:09:32,575 ERROR u.Main [main] Salary cannot be negative
2023-05-11 11:17:38,695 ERROR u.Main [main] Salary cannot be negative
